<?xml version="1.0" encoding="UTF-8" ?>
<testsuite failures="0" time="1.652" errors="0" skipped="0" tests="1" name="com.gmail.spraetz.FirstTest">
  <properties>
    <property name="java.runtime.name" value="Java(TM) SE Runtime Environment"/>
    <property name="sun.boot.library.path" value="/System/Library/Java/JavaVirtualMachines/1.6.0.jdk/Contents/Libraries"/>
    <property name="java.vm.version" value="20.65-b04-462"/>
    <property name="awt.nativeDoubleBuffering" value="true"/>
    <property name="gopherProxySet" value="false"/>
    <property name="mrj.build" value="11M4609"/>
    <property name="java.vm.vendor" value="Apple Inc."/>
    <property name="java.vendor.url" value="http://www.apple.com/"/>
    <property name="path.separator" value=":"/>
    <property name="java.vm.name" value="Java HotSpot(TM) 64-Bit Server VM"/>
    <property name="file.encoding.pkg" value="sun.io"/>
    <property name="user.country" value="US"/>
    <property name="sun.java.launcher" value="SUN_STANDARD"/>
    <property name="sun.os.patch.level" value="unknown"/>
    <property name="java.vm.specification.name" value="Java Virtual Machine Specification"/>
    <property name="user.dir" value="/Users/spraetz/dev/MineCraftSpells"/>
    <property name="java.runtime.version" value="1.6.0_65-b14-462-11M4609"/>
    <property name="java.awt.graphicsenv" value="apple.awt.CGraphicsEnvironment"/>
    <property name="basedir" value="/Users/spraetz/dev/MineCraftSpells"/>
    <property name="java.endorsed.dirs" value="/System/Library/Java/JavaVirtualMachines/1.6.0.jdk/Contents/Home/lib/endorsed"/>
    <property name="os.arch" value="x86_64"/>
    <property name="surefire.real.class.path" value="/var/folders/j0/jbh3hw_x671gvlwghd7bt25r0000gn/T/surefirebooter4194935440644460088.jar"/>
    <property name="java.io.tmpdir" value="/var/folders/j0/jbh3hw_x671gvlwghd7bt25r0000gn/T/"/>
    <property name="line.separator" value="
"/>
    <property name="java.vm.specification.vendor" value="Sun Microsystems Inc."/>
    <property name="os.name" value="Mac OS X"/>
    <property name="sun.jnu.encoding" value="MacRoman"/>
    <property name="java.library.path" value=".:/Library/Java/Extensions:/System/Library/Java/Extensions:/usr/lib/java"/>
    <property name="surefire.test.class.path" value="/Users/spraetz/dev/MineCraftSpells/target/test-classes:/Users/spraetz/dev/MineCraftSpells/target/classes:/Users/spraetz/.m2/repository/org/bukkit/bukkit/1.7.2-R0.3-SNAPSHOT/bukkit-1.7.2-R0.3-SNAPSHOT.jar:/Users/spraetz/.m2/repository/io/keen/keen-client-api-java/1.0.7/keen-client-api-java-1.0.7.jar:/Users/spraetz/.m2/repository/com/fasterxml/jackson/core/jackson-databind/2.1.0/jackson-databind-2.1.0.jar:/Users/spraetz/.m2/repository/com/fasterxml/jackson/core/jackson-core/2.1.0/jackson-core-2.1.0.jar:/Users/spraetz/.m2/repository/com/fasterxml/jackson/core/jackson-annotations/2.1.0/jackson-annotations-2.1.0.jar:/Users/spraetz/.m2/repository/commons-codec/commons-codec/1.8/commons-codec-1.8.jar:/Users/spraetz/.m2/repository/junit/junit/4.8.2/junit-4.8.2.jar:/Users/spraetz/.m2/repository/org/powermock/powermock-module-junit4/1.4.9/powermock-module-junit4-1.4.9.jar:/Users/spraetz/.m2/repository/org/powermock/powermock-module-junit4-common/1.4.9/powermock-module-junit4-common-1.4.9.jar:/Users/spraetz/.m2/repository/org/powermock/powermock-core/1.4.9/powermock-core-1.4.9.jar:/Users/spraetz/.m2/repository/org/javassist/javassist/3.14.0-GA/javassist-3.14.0-GA.jar:/Users/spraetz/.m2/repository/org/powermock/powermock-reflect/1.4.9/powermock-reflect-1.4.9.jar:/Users/spraetz/.m2/repository/org/objenesis/objenesis/1.2/objenesis-1.2.jar:/Users/spraetz/.m2/repository/org/powermock/powermock-api-mockito/1.4.9/powermock-api-mockito-1.4.9.jar:/Users/spraetz/.m2/repository/org/mockito/mockito-all/1.8.5/mockito-all-1.8.5.jar:/Users/spraetz/.m2/repository/org/powermock/powermock-api-support/1.4.9/powermock-api-support-1.4.9.jar:"/>
    <property name="java.specification.name" value="Java Platform API Specification"/>
    <property name="java.class.version" value="50.0"/>
    <property name="sun.management.compiler" value="HotSpot 64-Bit Tiered Compilers"/>
    <property name="os.version" value="10.9.1"/>
    <property name="http.nonProxyHosts" value="local|*.local|169.254/16|*.169.254/16"/>
    <property name="user.home" value="/Users/spraetz"/>
    <property name="user.timezone" value=""/>
    <property name="java.awt.printerjob" value="apple.awt.CPrinterJob"/>
    <property name="java.specification.version" value="1.6"/>
    <property name="file.encoding" value="MacRoman"/>
    <property name="user.name" value="spraetz"/>
    <property name="java.class.path" value="/Users/spraetz/dev/MineCraftSpells/target/test-classes:/Users/spraetz/dev/MineCraftSpells/target/classes:/Users/spraetz/.m2/repository/org/bukkit/bukkit/1.7.2-R0.3-SNAPSHOT/bukkit-1.7.2-R0.3-SNAPSHOT.jar:/Users/spraetz/.m2/repository/io/keen/keen-client-api-java/1.0.7/keen-client-api-java-1.0.7.jar:/Users/spraetz/.m2/repository/com/fasterxml/jackson/core/jackson-databind/2.1.0/jackson-databind-2.1.0.jar:/Users/spraetz/.m2/repository/com/fasterxml/jackson/core/jackson-core/2.1.0/jackson-core-2.1.0.jar:/Users/spraetz/.m2/repository/com/fasterxml/jackson/core/jackson-annotations/2.1.0/jackson-annotations-2.1.0.jar:/Users/spraetz/.m2/repository/commons-codec/commons-codec/1.8/commons-codec-1.8.jar:/Users/spraetz/.m2/repository/junit/junit/4.8.2/junit-4.8.2.jar:/Users/spraetz/.m2/repository/org/powermock/powermock-module-junit4/1.4.9/powermock-module-junit4-1.4.9.jar:/Users/spraetz/.m2/repository/org/powermock/powermock-module-junit4-common/1.4.9/powermock-module-junit4-common-1.4.9.jar:/Users/spraetz/.m2/repository/org/powermock/powermock-core/1.4.9/powermock-core-1.4.9.jar:/Users/spraetz/.m2/repository/org/javassist/javassist/3.14.0-GA/javassist-3.14.0-GA.jar:/Users/spraetz/.m2/repository/org/powermock/powermock-reflect/1.4.9/powermock-reflect-1.4.9.jar:/Users/spraetz/.m2/repository/org/objenesis/objenesis/1.2/objenesis-1.2.jar:/Users/spraetz/.m2/repository/org/powermock/powermock-api-mockito/1.4.9/powermock-api-mockito-1.4.9.jar:/Users/spraetz/.m2/repository/org/mockito/mockito-all/1.8.5/mockito-all-1.8.5.jar:/Users/spraetz/.m2/repository/org/powermock/powermock-api-support/1.4.9/powermock-api-support-1.4.9.jar:"/>
    <property name="java.vm.specification.version" value="1.0"/>
    <property name="sun.arch.data.model" value="64"/>
    <property name="java.home" value="/System/Library/Java/JavaVirtualMachines/1.6.0.jdk/Contents/Home"/>
    <property name="sun.java.command" value="/var/folders/j0/jbh3hw_x671gvlwghd7bt25r0000gn/T/surefirebooter4194935440644460088.jar /var/folders/j0/jbh3hw_x671gvlwghd7bt25r0000gn/T/surefire4215619993417013869tmp /var/folders/j0/jbh3hw_x671gvlwghd7bt25r0000gn/T/surefire2257036120563967790tmp"/>
    <property name="java.specification.vendor" value="Sun Microsystems Inc."/>
    <property name="user.language" value="en"/>
    <property name="awt.toolkit" value="apple.awt.CToolkit"/>
    <property name="java.vm.info" value="mixed mode"/>
    <property name="java.version" value="1.6.0_65"/>
    <property name="java.ext.dirs" value="/Library/Java/Extensions:/System/Library/Java/Extensions:/System/Library/Java/JavaVirtualMachines/1.6.0.jdk/Contents/Home/lib/ext"/>
    <property name="sun.boot.class.path" value="/System/Library/Java/JavaVirtualMachines/1.6.0.jdk/Contents/Classes/jsfd.jar:/System/Library/Java/JavaVirtualMachines/1.6.0.jdk/Contents/Classes/classes.jar:/System/Library/Frameworks/JavaVM.framework/Frameworks/JavaRuntimeSupport.framework/Resources/Java/JavaRuntimeSupport.jar:/System/Library/Java/JavaVirtualMachines/1.6.0.jdk/Contents/Classes/ui.jar:/System/Library/Java/JavaVirtualMachines/1.6.0.jdk/Contents/Classes/laf.jar:/System/Library/Java/JavaVirtualMachines/1.6.0.jdk/Contents/Classes/sunrsasign.jar:/System/Library/Java/JavaVirtualMachines/1.6.0.jdk/Contents/Classes/jsse.jar:/System/Library/Java/JavaVirtualMachines/1.6.0.jdk/Contents/Classes/jce.jar:/System/Library/Java/JavaVirtualMachines/1.6.0.jdk/Contents/Classes/charsets.jar"/>
    <property name="java.vendor" value="Apple Inc."/>
    <property name="localRepository" value="/Users/spraetz/.m2/repository"/>
    <property name="file.separator" value="/"/>
    <property name="java.vendor.url.bug" value="http://bugreport.apple.com/"/>
    <property name="sun.cpu.endian" value="little"/>
    <property name="sun.io.unicode.encoding" value="UnicodeLittle"/>
    <property name="mrj.version" value="1070.1.6.0_65-462"/>
    <property name="socksNonProxyHosts" value="local|*.local|169.254/16|*.169.254/16"/>
    <property name="ftp.nonProxyHosts" value="local|*.local|169.254/16|*.169.254/16"/>
    <property name="sun.cpu.isalist" value=""/>
  </properties>
  <testcase time="0.376" classname="com.gmail.spraetz.FirstTest" name="testCastSpell"/>
</testsuite>